2025-01-13T21:53:11.793+0100 INFO               [main]                         be.pxl.services.PostServiceApplication - Starting PostServiceApplication using Java 23 with PID 21676 (C:\Users\laura\Documents\PXL\3TIN\Fullstack_Java\PE\project-LauraWillemsPXL\backend-java\post-service\target\classes started by laura in C:\Users\laura\Documents\PXL\3TIN\Fullstack_Java\PE\project-LauraWillemsPXL\backend-java)
2025-01-13T21:53:11.794+0100 DEBUG              [main]                         be.pxl.services.PostServiceApplication - Running with Spring Boot v3.1.4, Spring v6.0.12
2025-01-13T21:53:11.796+0100 INFO               [main]                         be.pxl.services.PostServiceApplication - No active profile set, falling back to 1 default profile: "default"
2025-01-13T21:53:17.719+0100 INFO               [main]                         be.pxl.services.PostServiceApplication - Started PostServiceApplication in 7.018 seconds (process running for 7.803)
2025-01-13T21:55:15.750+0100 DEBUG              [http-nio-8081-exec-2]         be.pxl.services.controller.PostController - Getting all posts of Laura Willems
2025-01-13T21:55:16.115+0100 DEBUG              [http-nio-8081-exec-2]         be.pxl.services.services.PostService - Getting all posts of editor: Laura Willems
2025-01-13T21:56:00.359+0100 DEBUG              [http-nio-8081-exec-1]         be.pxl.services.controller.PostController - Adding a new post with details: PostRequest(title=Bacon, content=Bacon ipsum dolor amet fatback turducken andouille, pork loin ribeye salami buffalo frankfurter hamburger ham hock. Andouille chuck biltong t-bone tenderloin boudin beef short loin tri-tip kielbasa. Chuck flank shoulder burgdoggen doner. Tenderloin ball tip ham andouille pork loin ribeye ham hock strip steak short loin. Pork belly jerky beef ribs meatloaf jowl pork chop ribeye shankle drumstick chicken meatball fatback turkey kielbasa picanha. Shankle sirloin spare ribs picanha. Bresaola swine picanha, spare ribs pig cupim tri-tip tongue ball tip.

Andouille salami ribeye venison chuck strip steak ground round pork belly rump. Strip steak pig chicken venison. Tongue tail biltong rump, pork loin short ribs chicken pig. Shank salami jerky doner cow tongue porchetta. Ham hock jowl tongue, picanha filet mignon landjaeger ground round drumstick leberkas sausage brisket cupim meatball pork chop bacon. Landjaeger short ribs porchetta, short loin pig ham hock jowl shankle. Chislic brisket chuck pork chop beef pastrami burgdoggen pancetta fatback drumstick boudin porchetta doner rump.

Beef ribs chislic fatback, andouille venison cow pancetta pork belly. Drumstick pork bresaola, rump venison buffalo shoulder andouille burgdoggen chicken flank turkey. Strip steak short ribs rump venison pork belly biltong pig chicken frankfurter pancetta spare ribs ham hock tail pastrami filet mignon. Pork belly rump hamburger flank. Frankfurter t-bone corned beef, tongue tenderloin ribeye swine cow rump venison pork short loin. Sausage ball tip ham tenderloin pancetta chuck prosciutto salami brisket capicola tongue.

Turkey andouille meatball, pig pancetta biltong cow landjaeger beef pork loin filet mignon strip steak jowl porchetta. Shank short ribs chuck, chislic pork belly jowl pork ground round capicola kielbasa meatball beef ribs shankle tri-tip. Ham hock sirloin cupim pancetta buffalo ham capicola chislic picanha jerky meatball sausage strip steak. Frankfurter pork loin biltong kielbasa pork chop doner filet mignon venison cow turkey sirloin. Tail turkey tri-tip, burgdoggen beef venison prosciutto sirloin pork loin shoulder capicola hamburger flank t-bone.

Tri-tip ribeye sausage jowl sirloin. Turducken burgdoggen corned beef, swine chuck kielbasa pancetta chicken turkey tail short ribs leberkas rump bacon chislic. Fatback biltong jerky ham hock chicken capicola picanha tri-tip pork loin sirloin rump landjaeger pig cow. Tri-tip ribeye andouille hamburger drumstick jerky t-bone doner turducken kielbasa meatball. Meatball pork pancetta jowl swine kevin burgdoggen pork loin meatloaf ham hock., tags=[Bacon, Java], author=Laura Willems, isDraft=false)
2025-01-13T21:56:00.562+0100 DEBUG              [http-nio-8081-exec-1]         be.pxl.services.services.PostService - Adding a new post with details: PostRequest(title=Bacon, content=Bacon ipsum dolor amet fatback turducken andouille, pork loin ribeye salami buffalo frankfurter hamburger ham hock. Andouille chuck biltong t-bone tenderloin boudin beef short loin tri-tip kielbasa. Chuck flank shoulder burgdoggen doner. Tenderloin ball tip ham andouille pork loin ribeye ham hock strip steak short loin. Pork belly jerky beef ribs meatloaf jowl pork chop ribeye shankle drumstick chicken meatball fatback turkey kielbasa picanha. Shankle sirloin spare ribs picanha. Bresaola swine picanha, spare ribs pig cupim tri-tip tongue ball tip.

Andouille salami ribeye venison chuck strip steak ground round pork belly rump. Strip steak pig chicken venison. Tongue tail biltong rump, pork loin short ribs chicken pig. Shank salami jerky doner cow tongue porchetta. Ham hock jowl tongue, picanha filet mignon landjaeger ground round drumstick leberkas sausage brisket cupim meatball pork chop bacon. Landjaeger short ribs porchetta, short loin pig ham hock jowl shankle. Chislic brisket chuck pork chop beef pastrami burgdoggen pancetta fatback drumstick boudin porchetta doner rump.

Beef ribs chislic fatback, andouille venison cow pancetta pork belly. Drumstick pork bresaola, rump venison buffalo shoulder andouille burgdoggen chicken flank turkey. Strip steak short ribs rump venison pork belly biltong pig chicken frankfurter pancetta spare ribs ham hock tail pastrami filet mignon. Pork belly rump hamburger flank. Frankfurter t-bone corned beef, tongue tenderloin ribeye swine cow rump venison pork short loin. Sausage ball tip ham tenderloin pancetta chuck prosciutto salami brisket capicola tongue.

Turkey andouille meatball, pig pancetta biltong cow landjaeger beef pork loin filet mignon strip steak jowl porchetta. Shank short ribs chuck, chislic pork belly jowl pork ground round capicola kielbasa meatball beef ribs shankle tri-tip. Ham hock sirloin cupim pancetta buffalo ham capicola chislic picanha jerky meatball sausage strip steak. Frankfurter pork loin biltong kielbasa pork chop doner filet mignon venison cow turkey sirloin. Tail turkey tri-tip, burgdoggen beef venison prosciutto sirloin pork loin shoulder capicola hamburger flank t-bone.

Tri-tip ribeye sausage jowl sirloin. Turducken burgdoggen corned beef, swine chuck kielbasa pancetta chicken turkey tail short ribs leberkas rump bacon chislic. Fatback biltong jerky ham hock chicken capicola picanha tri-tip pork loin sirloin rump landjaeger pig cow. Tri-tip ribeye andouille hamburger drumstick jerky t-bone doner turducken kielbasa meatball. Meatball pork pancetta jowl swine kevin burgdoggen pork loin meatloaf ham hock., tags=[Bacon, Java], author=Laura Willems, isDraft=false)
2025-01-13T21:56:00.617+0100 DEBUG              [http-nio-8081-exec-5]         be.pxl.services.controller.PostController - Getting all posts of Laura Willems
2025-01-13T21:56:00.673+0100 DEBUG              [http-nio-8081-exec-5]         be.pxl.services.services.PostService - Getting all posts of editor: Laura Willems
2025-01-13T21:56:36.204+0100 DEBUG              [http-nio-8081-exec-3]         be.pxl.services.controller.PostController - Adding a new post with details: PostRequest(title=Peppa Pig, content=Knor Knor, tags=[Java, Knor], author=Laura Willems, isDraft=true)
2025-01-13T21:56:36.248+0100 DEBUG              [http-nio-8081-exec-3]         be.pxl.services.services.PostService - Adding a new post with details: PostRequest(title=Peppa Pig, content=Knor Knor, tags=[Java, Knor], author=Laura Willems, isDraft=true)
2025-01-13T21:56:36.310+0100 DEBUG              [http-nio-8081-exec-4]         be.pxl.services.controller.PostController - Getting all posts of Laura Willems
2025-01-13T21:56:36.358+0100 DEBUG              [http-nio-8081-exec-4]         be.pxl.services.services.PostService - Getting all posts of editor: Laura Willems
2025-01-13T21:56:39.364+0100 DEBUG              [http-nio-8081-exec-6]         be.pxl.services.controller.PostController - Getting all drafts of Laura Willems
2025-01-13T21:56:39.415+0100 DEBUG              [http-nio-8081-exec-6]         be.pxl.services.services.PostService - Getting all drafts of editor: Laura Willems
2025-01-13T21:56:40.334+0100 DEBUG              [http-nio-8081-exec-7]         be.pxl.services.controller.PostController - Getting all posts of Laura Willems
2025-01-13T21:56:40.381+0100 DEBUG              [http-nio-8081-exec-7]         be.pxl.services.services.PostService - Getting all posts of editor: Laura Willems
2025-01-13T21:56:40.872+0100 DEBUG              [http-nio-8081-exec-8]         be.pxl.services.controller.PostController - Getting notifications of author Laura Willems
2025-01-13T21:56:40.917+0100 DEBUG              [http-nio-8081-exec-8]         be.pxl.services.services.PostService - Getting notifications of author: Laura Willems
2025-01-13T21:56:41.958+0100 DEBUG              [http-nio-8081-exec-10]        be.pxl.services.controller.PostController - Getting all posts of Laura Willems
2025-01-13T21:56:42.006+0100 DEBUG              [http-nio-8081-exec-10]        be.pxl.services.services.PostService - Getting all posts of editor: Laura Willems
2025-01-13T21:57:35.379+0100 DEBUG              [http-nio-8081-exec-9]         be.pxl.services.controller.PostController - Getting all drafts of Laura Willems
2025-01-13T21:57:35.428+0100 DEBUG              [http-nio-8081-exec-9]         be.pxl.services.services.PostService - Getting all drafts of editor: Laura Willems
2025-01-13T21:57:35.824+0100 DEBUG              [http-nio-8081-exec-2]         be.pxl.services.controller.PostController - Getting all posts of Laura Willems
2025-01-13T21:57:35.859+0100 DEBUG              [http-nio-8081-exec-2]         be.pxl.services.services.PostService - Getting all posts of editor: Laura Willems
2025-01-13T21:57:41.561+0100 DEBUG              [http-nio-8081-exec-1]         be.pxl.services.controller.PostController - Getting all posts of az az
2025-01-13T21:57:41.609+0100 DEBUG              [http-nio-8081-exec-1]         be.pxl.services.services.PostService - Getting all posts for the editor-in-chief
2025-01-13T21:57:47.807+0100 DEBUG              [http-nio-8081-exec-5]         be.pxl.services.controller.PostController - Finding post with id 252
2025-01-13T21:57:47.851+0100 DEBUG              [http-nio-8081-exec-5]         be.pxl.services.services.PostService - Retrieving post with id 252
2025-01-13T21:57:50.336+0100 DEBUG              [http-nio-8081-exec-3]         be.pxl.services.controller.PostController - Reviewing post with id 252: ReviewRequest(review=APPROVED)
2025-01-13T21:57:50.359+0100 DEBUG              [http-nio-8081-exec-3]         be.pxl.services.services.PostService - Post with id 252 is approved
2025-01-13T21:57:50.640+0100 DEBUG              [org.springframework.amqp.rabbit.RabbitListenerEndpointContainer#0-1] be.pxl.services.services.PostService - Message read from notificationQueue: Post with id 252 is approved and published
2025-01-13T21:57:50.660+0100 DEBUG              [org.springframework.amqp.rabbit.RabbitListenerEndpointContainer#0-1] be.pxl.services.services.PostService - Adding notification 'Post with id 252 is approved and published' to post with id 252
2025-01-13T21:57:50.680+0100 DEBUG              [http-nio-8081-exec-4]         be.pxl.services.controller.PostController - Getting all posts of az az
2025-01-13T21:57:50.719+0100 DEBUG              [http-nio-8081-exec-4]         be.pxl.services.services.PostService - Getting all posts for the editor-in-chief
2025-01-13T21:57:51.364+0100 DEBUG              [http-nio-8081-exec-6]         be.pxl.services.controller.PostController - Finding post with id 204
2025-01-13T21:57:51.389+0100 DEBUG              [http-nio-8081-exec-6]         be.pxl.services.services.PostService - Retrieving post with id 204
2025-01-13T21:57:59.501+0100 DEBUG              [http-nio-8081-exec-7]         be.pxl.services.controller.PostController - Reviewing post with id 204: ReviewRequest(review=REJECTED)
2025-01-13T21:57:59.519+0100 DEBUG              [http-nio-8081-exec-7]         be.pxl.services.services.PostService - Post with id 204 is rejected
2025-01-13T21:57:59.541+0100 DEBUG              [org.springframework.amqp.rabbit.RabbitListenerEndpointContainer#0-1] be.pxl.services.services.PostService - Message read from notificationQueue: Post with id 204 is rejected and needs revision
2025-01-13T21:57:59.556+0100 DEBUG              [org.springframework.amqp.rabbit.RabbitListenerEndpointContainer#0-1] be.pxl.services.services.PostService - Adding notification 'Post with id 204 is rejected and needs revision' to post with id 204
2025-01-13T21:57:59.587+0100 DEBUG              [http-nio-8081-exec-8]         be.pxl.services.controller.PostController - Getting all posts of az az
2025-01-13T21:57:59.628+0100 DEBUG              [http-nio-8081-exec-8]         be.pxl.services.services.PostService - Getting all posts for the editor-in-chief
2025-01-13T21:58:29.594+0100 DEBUG              [http-nio-8081-exec-10]        be.pxl.services.controller.PostController - Getting all posts of Sara Willems
2025-01-13T21:58:29.652+0100 DEBUG              [http-nio-8081-exec-10]        be.pxl.services.services.PostService - Getting all posts for user: Sara Willems
2025-01-13T21:58:48.716+0100 DEBUG              [http-nio-8081-exec-9]         be.pxl.services.controller.PostController - Getting all posts of Laura Willems
2025-01-13T21:58:48.762+0100 DEBUG              [http-nio-8081-exec-9]         be.pxl.services.services.PostService - Getting all posts of editor: Laura Willems
2025-01-13T21:58:56.373+0100 DEBUG              [http-nio-8081-exec-2]         be.pxl.services.controller.PostController - Finding post with id 202
2025-01-13T21:58:56.402+0100 DEBUG              [http-nio-8081-exec-2]         be.pxl.services.services.PostService - Retrieving post with id 202
2025-01-13T21:58:57.915+0100 DEBUG              [http-nio-8081-exec-1]         be.pxl.services.controller.PostController - Updating draft with id 202 to: PostRequest(title=Minions, content=Minions ipsum gelatooo uuuhhh para tú bappleees para tú tank yuuu! Gelatooo po kass. Bappleees poopayee tulaliloo pepete belloo! Wiiiii. Baboiii hana dul sae bappleees pepete hana dul sae po kass po kass baboiii. Belloo! hahaha baboiii poopayee hahaha belloo! La bodaaa bee do bee do bee do chasy. Pepete poopayee tank yuuu! Butt la bodaaa wiiiii aaaaaah ti aamoo! Poulet tikka masala. Tatata bala tu daa ti aamoo! Poulet tikka masala poopayee wiiiii bappleees hana dul sae ti aamoo! Jeje belloo!

Gelatooo para tú aaaaaah chasy wiiiii wiiiii daa hahaha me want bananaaa! Daa jiji bappleees tank yuuu! Butt po kass gelatooo hahaha. Potatoooo poulet tikka masala butt poopayee uuuhhh po kass. Chasy belloo! Daa baboiii ti aamoo! Daa. Potatoooo uuuhhh bee do bee do bee do pepete butt tank yuuu! Potatoooo gelatooo. Underweaaar bananaaaa ti aamoo! Jeje tulaliloo poulet tikka masala belloo! Chasy. Bee do bee do bee do jiji wiiiii po kass underweaaar bappleees. Gelatooo poulet tikka masala tank yuuu! Jiji gelatooo. Tank yuuu! tulaliloo aaaaaah bappleees para tú uuuhhh hahaha.

Bappleees wiiiii tatata bala tu uuuhhh hahaha la bodaaa pepete potatoooo jeje. Chasy tank yuuu! Para tú baboiii underweaaar butt. Bappleees pepete po kass underweaaar wiiiii ti aamoo! Para tú. Bee do bee do bee do daa jiji jeje belloo! Pepete butt baboiii potatoooo pepete poulet tikka masala. Tatata bala tu aaaaaah potatoooo chasy jeje. Bee do bee do bee do tatata bala tu gelatooo aaaaaah me want bananaaa! Bananaaaa poopayee butt hana dul sae butt. Jeje hana dul sae jiji tank yuuu! Me want bananaaa! La bodaaa ti aamoo! Tatata bala tu. Gelatooo daa para tú hahaha poulet tikka masala para tú ti aamoo! Po kass aaaaaah poopayee., tags=[Incredibles], author=Laura Willems, isDraft=false)
2025-01-13T21:58:57.949+0100 DEBUG              [http-nio-8081-exec-1]         be.pxl.services.services.PostService - Updating post with id 202 to: PostRequest(title=Minions, content=Minions ipsum gelatooo uuuhhh para tú bappleees para tú tank yuuu! Gelatooo po kass. Bappleees poopayee tulaliloo pepete belloo! Wiiiii. Baboiii hana dul sae bappleees pepete hana dul sae po kass po kass baboiii. Belloo! hahaha baboiii poopayee hahaha belloo! La bodaaa bee do bee do bee do chasy. Pepete poopayee tank yuuu! Butt la bodaaa wiiiii aaaaaah ti aamoo! Poulet tikka masala. Tatata bala tu daa ti aamoo! Poulet tikka masala poopayee wiiiii bappleees hana dul sae ti aamoo! Jeje belloo!

Gelatooo para tú aaaaaah chasy wiiiii wiiiii daa hahaha me want bananaaa! Daa jiji bappleees tank yuuu! Butt po kass gelatooo hahaha. Potatoooo poulet tikka masala butt poopayee uuuhhh po kass. Chasy belloo! Daa baboiii ti aamoo! Daa. Potatoooo uuuhhh bee do bee do bee do pepete butt tank yuuu! Potatoooo gelatooo. Underweaaar bananaaaa ti aamoo! Jeje tulaliloo poulet tikka masala belloo! Chasy. Bee do bee do bee do jiji wiiiii po kass underweaaar bappleees. Gelatooo poulet tikka masala tank yuuu! Jiji gelatooo. Tank yuuu! tulaliloo aaaaaah bappleees para tú uuuhhh hahaha.

Bappleees wiiiii tatata bala tu uuuhhh hahaha la bodaaa pepete potatoooo jeje. Chasy tank yuuu! Para tú baboiii underweaaar butt. Bappleees pepete po kass underweaaar wiiiii ti aamoo! Para tú. Bee do bee do bee do daa jiji jeje belloo! Pepete butt baboiii potatoooo pepete poulet tikka masala. Tatata bala tu aaaaaah potatoooo chasy jeje. Bee do bee do bee do tatata bala tu gelatooo aaaaaah me want bananaaa! Bananaaaa poopayee butt hana dul sae butt. Jeje hana dul sae jiji tank yuuu! Me want bananaaa! La bodaaa ti aamoo! Tatata bala tu. Gelatooo daa para tú hahaha poulet tikka masala para tú ti aamoo! Po kass aaaaaah poopayee., tags=[Incredibles], author=Laura Willems, isDraft=false)
2025-01-13T21:58:58.033+0100 DEBUG              [http-nio-8081-exec-5]         be.pxl.services.controller.PostController - Getting all posts of Laura Willems
2025-01-13T21:58:58.083+0100 DEBUG              [http-nio-8081-exec-5]         be.pxl.services.services.PostService - Getting all posts of editor: Laura Willems
2025-01-13T21:59:11.198+0100 DEBUG              [http-nio-8081-exec-4]         be.pxl.services.controller.PostController - Getting all posts of az az
2025-01-13T21:59:11.245+0100 DEBUG              [http-nio-8081-exec-4]         be.pxl.services.services.PostService - Getting all posts for the editor-in-chief
2025-01-13T21:59:11.755+0100 DEBUG              [http-nio-8081-exec-6]         be.pxl.services.controller.PostController - Finding post with id 202
2025-01-13T21:59:11.774+0100 DEBUG              [http-nio-8081-exec-6]         be.pxl.services.services.PostService - Retrieving post with id 202
2025-01-13T21:59:13.199+0100 DEBUG              [http-nio-8081-exec-7]         be.pxl.services.controller.PostController - Reviewing post with id 202: ReviewRequest(review=APPROVED)
2025-01-13T21:59:13.223+0100 DEBUG              [http-nio-8081-exec-7]         be.pxl.services.services.PostService - Post with id 202 is approved
2025-01-13T21:59:13.273+0100 DEBUG              [org.springframework.amqp.rabbit.RabbitListenerEndpointContainer#0-1] be.pxl.services.services.PostService - Message read from notificationQueue: Post with id 202 is approved and published
2025-01-13T21:59:13.307+0100 DEBUG              [org.springframework.amqp.rabbit.RabbitListenerEndpointContainer#0-1] be.pxl.services.services.PostService - Adding notification 'Post with id 202 is approved and published' to post with id 202
2025-01-13T21:59:13.387+0100 DEBUG              [http-nio-8081-exec-8]         be.pxl.services.controller.PostController - Getting all posts of az az
2025-01-13T21:59:13.431+0100 DEBUG              [http-nio-8081-exec-8]         be.pxl.services.services.PostService - Getting all posts for the editor-in-chief
2025-01-13T21:59:24.696+0100 DEBUG              [http-nio-8081-exec-10]        be.pxl.services.controller.PostController - Getting all posts of Sara Willems
2025-01-13T21:59:24.739+0100 DEBUG              [http-nio-8081-exec-10]        be.pxl.services.services.PostService - Getting all posts for user: Sara Willems
2025-01-13T22:00:17.714+0100 DEBUG              [http-nio-8081-exec-2]         be.pxl.services.controller.PostController - Finding post with id 202
2025-01-13T22:00:17.745+0100 DEBUG              [http-nio-8081-exec-2]         be.pxl.services.services.PostService - Retrieving post with id 202
2025-01-13T22:00:35.789+0100 DEBUG              [http-nio-8081-exec-1]         be.pxl.services.controller.PostController - Finding post with id 202
2025-01-13T22:00:35.814+0100 DEBUG              [http-nio-8081-exec-1]         be.pxl.services.services.PostService - Retrieving post with id 202
2025-01-13T22:47:51.659+0100 INFO               [main]                         be.pxl.services.PostServiceApplication - Starting PostServiceApplication using Java 23 with PID 18572 (C:\Users\laura\Documents\PXL\3TIN\Fullstack_Java\PE\project-LauraWillemsPXL\backend-java\post-service\target\classes started by laura in C:\Users\laura\Documents\PXL\3TIN\Fullstack_Java\PE\project-LauraWillemsPXL\backend-java)
2025-01-13T22:47:51.661+0100 DEBUG              [main]                         be.pxl.services.PostServiceApplication - Running with Spring Boot v3.1.4, Spring v6.0.12
2025-01-13T22:47:51.662+0100 INFO               [main]                         be.pxl.services.PostServiceApplication - No active profile set, falling back to 1 default profile: "default"
2025-01-13T22:48:57.519+0100 INFO               [main]                         be.pxl.services.PostServiceApplication - Starting PostServiceApplication using Java 23 with PID 36528 (C:\Users\laura\Documents\PXL\3TIN\Fullstack_Java\PE\project-LauraWillemsPXL\backend-java\post-service\target\classes started by laura in C:\Users\laura\Documents\PXL\3TIN\Fullstack_Java\PE\project-LauraWillemsPXL\backend-java)
2025-01-13T22:48:57.520+0100 DEBUG              [main]                         be.pxl.services.PostServiceApplication - Running with Spring Boot v3.1.4, Spring v6.0.12
2025-01-13T22:48:57.521+0100 INFO               [main]                         be.pxl.services.PostServiceApplication - No active profile set, falling back to 1 default profile: "default"
2025-01-13T22:49:01.977+0100 INFO               [main]                         be.pxl.services.PostServiceApplication - Started PostServiceApplication in 5.345 seconds (process running for 5.813)
