2025-01-13T21:54:12.507+0100 INFO               [main]                         be.pxl.services.CommentServiceApplication - Starting CommentServiceApplication using Java 23 with PID 6784 (C:\Users\laura\Documents\PXL\3TIN\Fullstack_Java\PE\project-LauraWillemsPXL\backend-java\comment-service\target\classes started by laura in C:\Users\laura\Documents\PXL\3TIN\Fullstack_Java\PE\project-LauraWillemsPXL\backend-java)
2025-01-13T21:54:12.509+0100 DEBUG              [main]                         be.pxl.services.CommentServiceApplication - Running with Spring Boot v3.1.4, Spring v6.0.12
2025-01-13T21:54:12.510+0100 INFO               [main]                         be.pxl.services.CommentServiceApplication - No active profile set, falling back to 1 default profile: "default"
2025-01-13T21:54:18.910+0100 INFO               [main]                         be.pxl.services.CommentServiceApplication - Started CommentServiceApplication in 7.524 seconds (process running for 8.319)
2025-01-13T22:00:18.040+0100 DEBUG              [http-nio-8083-exec-1]         be.pxl.services.controller.CommentController - Retrieving all comments
2025-01-13T22:00:18.396+0100 DEBUG              [http-nio-8083-exec-1]         be.pxl.services.services.CommentService - Retrieving all comments
2025-01-13T22:00:35.558+0100 DEBUG              [http-nio-8083-exec-3]         be.pxl.services.controller.CommentController - Adding a new comment with details: CommentRequest(postId=202, comment=Banana Bananana , createdBy=Sara Willems)
2025-01-13T22:00:35.838+0100 DEBUG              [http-nio-8083-exec-3]         be.pxl.services.services.CommentService - Adding a new comment with details: Comment(id=null, postId=202, comment=Banana Bananana , createdBy=Sara Willems, createdAt=Mon Jan 13 22:00:35 CET 2025)
2025-01-14T09:10:11.705+0100 INFO               [main]                         be.pxl.services.CommentServiceApplication - Starting CommentServiceApplication using Java 23 with PID 21536 (C:\Users\laura\Documents\PXL\3TIN\Fullstack_Java\PE\project-LauraWillemsPXL\backend-java\comment-service\target\classes started by laura in C:\Users\laura\Documents\PXL\3TIN\Fullstack_Java\PE\project-LauraWillemsPXL\backend-java)
2025-01-14T09:10:11.715+0100 DEBUG              [main]                         be.pxl.services.CommentServiceApplication - Running with Spring Boot v3.1.4, Spring v6.0.12
2025-01-14T09:10:11.715+0100 INFO               [main]                         be.pxl.services.CommentServiceApplication - No active profile set, falling back to 1 default profile: "default"
2025-01-14T09:10:18.276+0100 INFO               [main]                         be.pxl.services.CommentServiceApplication - Started CommentServiceApplication in 7.709 seconds (process running for 8.525)
2025-01-14T09:19:45.492+0100 INFO               [main]                         be.pxl.services.CommentServiceApplication - Starting CommentServiceApplication using Java 23 with PID 6540 (C:\Users\laura\Documents\PXL\3TIN\Fullstack_Java\PE\project-LauraWillemsPXL\backend-java\comment-service\target\classes started by laura in C:\Users\laura\Documents\PXL\3TIN\Fullstack_Java\PE\project-LauraWillemsPXL\backend-java)
2025-01-14T09:19:45.494+0100 DEBUG              [main]                         be.pxl.services.CommentServiceApplication - Running with Spring Boot v3.1.4, Spring v6.0.12
2025-01-14T09:19:45.495+0100 INFO               [main]                         be.pxl.services.CommentServiceApplication - No active profile set, falling back to 1 default profile: "default"
2025-01-14T09:19:51.580+0100 INFO               [main]                         be.pxl.services.CommentServiceApplication - Started CommentServiceApplication in 7.145 seconds (process running for 7.91)
2025-01-15T09:00:14.109+0100 INFO               [main]                         be.pxl.services.CommentServiceApplication - Starting CommentServiceApplication using Java 23 with PID 24044 (C:\Users\laura\Documents\PXL\3TIN\Fullstack_Java\PE\project-LauraWillemsPXL\backend-java\comment-service\target\classes started by laura in C:\Users\laura\Documents\PXL\3TIN\Fullstack_Java\PE\project-LauraWillemsPXL\backend-java)
2025-01-15T09:00:14.119+0100 DEBUG              [main]                         be.pxl.services.CommentServiceApplication - Running with Spring Boot v3.1.4, Spring v6.0.12
2025-01-15T09:00:14.121+0100 INFO               [main]                         be.pxl.services.CommentServiceApplication - No active profile set, falling back to 1 default profile: "default"
2025-01-15T09:00:20.383+0100 INFO               [main]                         be.pxl.services.CommentServiceApplication - Started CommentServiceApplication in 7.372 seconds (process running for 8.187)
2025-01-15T09:12:29.208+0100 INFO               [main]                         be.pxl.services.CommentServiceApplication - Starting CommentServiceApplication using Java 23 with PID 12784 (C:\Users\laura\Documents\PXL\3TIN\Fullstack_Java\PE\project-LauraWillemsPXL\backend-java\comment-service\target\classes started by laura in C:\Users\laura\Documents\PXL\3TIN\Fullstack_Java\PE\project-LauraWillemsPXL\backend-java)
2025-01-15T09:12:29.210+0100 DEBUG              [main]                         be.pxl.services.CommentServiceApplication - Running with Spring Boot v3.1.4, Spring v6.0.12
2025-01-15T09:12:29.212+0100 INFO               [main]                         be.pxl.services.CommentServiceApplication - No active profile set, falling back to 1 default profile: "default"
2025-01-15T09:12:35.839+0100 INFO               [main]                         be.pxl.services.CommentServiceApplication - Started CommentServiceApplication in 7.754 seconds (process running for 8.562)
