2025-01-14T08:52:10.739+0100 INFO               [main]                         be.pxl.services.PostServiceApplication - Starting PostServiceApplication using Java 23 with PID 40288 (C:\Users\laura\Documents\PXL\3TIN\Fullstack_Java\PE\project-LauraWillemsPXL\backend-java\post-service\target\classes started by laura in C:\Users\laura\Documents\PXL\3TIN\Fullstack_Java\PE\project-LauraWillemsPXL\backend-java)
2025-01-14T08:52:10.744+0100 DEBUG              [main]                         be.pxl.services.PostServiceApplication - Running with Spring Boot v3.1.4, Spring v6.0.12
2025-01-14T08:52:10.745+0100 INFO               [main]                         be.pxl.services.PostServiceApplication - No active profile set, falling back to 1 default profile: "default"
2025-01-14T08:52:41.776+0100 INFO               [main]                         be.pxl.services.PostServiceApplication - Starting PostServiceApplication using Java 23 with PID 10228 (C:\Users\laura\Documents\PXL\3TIN\Fullstack_Java\PE\project-LauraWillemsPXL\backend-java\post-service\target\classes started by laura in C:\Users\laura\Documents\PXL\3TIN\Fullstack_Java\PE\project-LauraWillemsPXL\backend-java)
2025-01-14T08:52:41.779+0100 DEBUG              [main]                         be.pxl.services.PostServiceApplication - Running with Spring Boot v3.1.4, Spring v6.0.12
2025-01-14T08:52:41.780+0100 INFO               [main]                         be.pxl.services.PostServiceApplication - No active profile set, falling back to 1 default profile: "default"
2025-01-14T08:54:08.600+0100 INFO               [main]                         be.pxl.services.PostServiceApplication - Starting PostServiceApplication using Java 23 with PID 19248 (C:\Users\laura\Documents\PXL\3TIN\Fullstack_Java\PE\project-LauraWillemsPXL\backend-java\post-service\target\classes started by laura in C:\Users\laura\Documents\PXL\3TIN\Fullstack_Java\PE\project-LauraWillemsPXL\backend-java)
2025-01-14T08:54:08.602+0100 DEBUG              [main]                         be.pxl.services.PostServiceApplication - Running with Spring Boot v3.1.4, Spring v6.0.12
2025-01-14T08:54:08.602+0100 INFO               [main]                         be.pxl.services.PostServiceApplication - No active profile set, falling back to 1 default profile: "default"
2025-01-14T08:56:37.478+0100 INFO               [main]                         be.pxl.services.PostServiceApplication - Starting PostServiceApplication using Java 23 with PID 9496 (C:\Users\laura\Documents\PXL\3TIN\Fullstack_Java\PE\project-LauraWillemsPXL\backend-java\post-service\target\classes started by laura in C:\Users\laura\Documents\PXL\3TIN\Fullstack_Java\PE\project-LauraWillemsPXL\backend-java)
2025-01-14T08:56:37.480+0100 DEBUG              [main]                         be.pxl.services.PostServiceApplication - Running with Spring Boot v3.1.4, Spring v6.0.12
2025-01-14T08:56:37.481+0100 INFO               [main]                         be.pxl.services.PostServiceApplication - No active profile set, falling back to 1 default profile: "default"
2025-01-14T08:58:05.622+0100 INFO               [main]                         be.pxl.services.PostServiceApplication - Starting PostServiceApplication using Java 23 with PID 54060 (C:\Users\laura\Documents\PXL\3TIN\Fullstack_Java\PE\project-LauraWillemsPXL\backend-java\post-service\target\classes started by laura in C:\Users\laura\Documents\PXL\3TIN\Fullstack_Java\PE\project-LauraWillemsPXL\backend-java)
2025-01-14T08:58:05.623+0100 DEBUG              [main]                         be.pxl.services.PostServiceApplication - Running with Spring Boot v3.1.4, Spring v6.0.12
2025-01-14T08:58:05.624+0100 INFO               [main]                         be.pxl.services.PostServiceApplication - No active profile set, falling back to 1 default profile: "default"
2025-01-14T08:58:44.059+0100 INFO               [main]                         be.pxl.services.PostServiceApplication - Starting PostServiceApplication using Java 23 with PID 40116 (C:\Users\laura\Documents\PXL\3TIN\Fullstack_Java\PE\project-LauraWillemsPXL\backend-java\post-service\target\classes started by laura in C:\Users\laura\Documents\PXL\3TIN\Fullstack_Java\PE\project-LauraWillemsPXL\backend-java)
2025-01-14T08:58:44.061+0100 DEBUG              [main]                         be.pxl.services.PostServiceApplication - Running with Spring Boot v3.1.4, Spring v6.0.12
2025-01-14T08:58:44.062+0100 INFO               [main]                         be.pxl.services.PostServiceApplication - No active profile set, falling back to 1 default profile: "default"
2025-01-14T09:04:16.653+0100 INFO               [main]                         be.pxl.services.PostServiceApplication - Starting PostServiceApplication using Java 23 with PID 7480 (C:\Users\laura\Documents\PXL\3TIN\Fullstack_Java\PE\project-LauraWillemsPXL\backend-java\post-service\target\classes started by laura in C:\Users\laura\Documents\PXL\3TIN\Fullstack_Java\PE\project-LauraWillemsPXL\backend-java)
2025-01-14T09:04:16.655+0100 DEBUG              [main]                         be.pxl.services.PostServiceApplication - Running with Spring Boot v3.1.4, Spring v6.0.12
2025-01-14T09:04:16.656+0100 INFO               [main]                         be.pxl.services.PostServiceApplication - No active profile set, falling back to 1 default profile: "default"
2025-01-14T09:07:24.162+0100 INFO               [main]                         be.pxl.services.PostServiceApplication - Starting PostServiceApplication using Java 23 with PID 7644 (C:\Users\laura\Documents\PXL\3TIN\Fullstack_Java\PE\project-LauraWillemsPXL\backend-java\post-service\target\classes started by laura in C:\Users\laura\Documents\PXL\3TIN\Fullstack_Java\PE\project-LauraWillemsPXL\backend-java)
2025-01-14T09:07:24.165+0100 DEBUG              [main]                         be.pxl.services.PostServiceApplication - Running with Spring Boot v3.1.4, Spring v6.0.12
2025-01-14T09:07:24.166+0100 INFO               [main]                         be.pxl.services.PostServiceApplication - No active profile set, falling back to 1 default profile: "default"
2025-01-14T09:10:25.271+0100 INFO               [main]                         be.pxl.services.PostServiceApplication - Starting PostServiceApplication using Java 23 with PID 5344 (C:\Users\laura\Documents\PXL\3TIN\Fullstack_Java\PE\project-LauraWillemsPXL\backend-java\post-service\target\classes started by laura in C:\Users\laura\Documents\PXL\3TIN\Fullstack_Java\PE\project-LauraWillemsPXL\backend-java)
2025-01-14T09:10:25.273+0100 DEBUG              [main]                         be.pxl.services.PostServiceApplication - Running with Spring Boot v3.1.4, Spring v6.0.12
2025-01-14T09:10:25.274+0100 INFO               [main]                         be.pxl.services.PostServiceApplication - No active profile set, falling back to 1 default profile: "default"
2025-01-14T09:11:39.317+0100 INFO               [main]                         be.pxl.services.PostServiceApplication - Starting PostServiceApplication using Java 23 with PID 6816 (C:\Users\laura\Documents\PXL\3TIN\Fullstack_Java\PE\project-LauraWillemsPXL\backend-java\post-service\target\classes started by laura in C:\Users\laura\Documents\PXL\3TIN\Fullstack_Java\PE\project-LauraWillemsPXL\backend-java)
2025-01-14T09:11:39.319+0100 DEBUG              [main]                         be.pxl.services.PostServiceApplication - Running with Spring Boot v3.1.4, Spring v6.0.12
2025-01-14T09:11:39.320+0100 INFO               [main]                         be.pxl.services.PostServiceApplication - No active profile set, falling back to 1 default profile: "default"
2025-01-14T09:14:04.522+0100 INFO               [main]                         be.pxl.services.PostServiceApplication - Starting PostServiceApplication using Java 23 with PID 25716 (C:\Users\laura\Documents\PXL\3TIN\Fullstack_Java\PE\project-LauraWillemsPXL\backend-java\post-service\target\classes started by laura in C:\Users\laura\Documents\PXL\3TIN\Fullstack_Java\PE\project-LauraWillemsPXL\backend-java)
2025-01-14T09:14:04.524+0100 DEBUG              [main]                         be.pxl.services.PostServiceApplication - Running with Spring Boot v3.1.4, Spring v6.0.12
2025-01-14T09:14:04.525+0100 INFO               [main]                         be.pxl.services.PostServiceApplication - No active profile set, falling back to 1 default profile: "default"
2025-01-14T09:19:19.886+0100 INFO               [main]                         be.pxl.services.PostServiceApplication - Starting PostServiceApplication using Java 23 with PID 16836 (C:\Users\laura\Documents\PXL\3TIN\Fullstack_Java\PE\project-LauraWillemsPXL\backend-java\post-service\target\classes started by laura in C:\Users\laura\Documents\PXL\3TIN\Fullstack_Java\PE\project-LauraWillemsPXL\backend-java)
2025-01-14T09:19:19.887+0100 DEBUG              [main]                         be.pxl.services.PostServiceApplication - Running with Spring Boot v3.1.4, Spring v6.0.12
2025-01-14T09:19:19.888+0100 INFO               [main]                         be.pxl.services.PostServiceApplication - No active profile set, falling back to 1 default profile: "default"
2025-01-14T09:19:26.133+0100 INFO               [main]                         be.pxl.services.PostServiceApplication - Started PostServiceApplication in 7.284 seconds (process running for 8.065)
2025-01-14T09:20:55.251+0100 DEBUG              [http-nio-8084-exec-1]         be.pxl.services.controller.PostController - Getting all posts of Laura Willems
2025-01-14T09:20:55.559+0100 DEBUG              [http-nio-8084-exec-1]         be.pxl.services.services.PostService - Getting all posts of editor: Laura Willems
2025-01-14T09:21:08.892+0100 DEBUG              [http-nio-8084-exec-2]         be.pxl.services.controller.PostController - Getting all posts of Laura Willems
2025-01-14T09:21:08.917+0100 DEBUG              [http-nio-8084-exec-2]         be.pxl.services.services.PostService - Getting all posts of editor: Laura Willems
2025-01-14T09:21:19.857+0100 DEBUG              [http-nio-8084-exec-3]         be.pxl.services.controller.PostController - Getting all posts of Laura Willems
2025-01-14T09:21:19.886+0100 DEBUG              [http-nio-8084-exec-3]         be.pxl.services.services.PostService - Getting all posts of editor: Laura Willems
2025-01-14T09:21:52.872+0100 DEBUG              [http-nio-8084-exec-4]         be.pxl.services.controller.PostController - Getting all posts of Laura Willems
2025-01-14T09:21:52.898+0100 DEBUG              [http-nio-8084-exec-4]         be.pxl.services.services.PostService - Getting all posts of editor: Laura Willems
2025-01-14T09:22:00.007+0100 DEBUG              [http-nio-8084-exec-5]         be.pxl.services.controller.PostController - Getting all posts of Laura Willems
2025-01-14T09:22:00.041+0100 DEBUG              [http-nio-8084-exec-5]         be.pxl.services.services.PostService - Getting all posts of editor: Laura Willems
2025-01-14T15:00:48.022+0100 INFO               [main]                         be.pxl.services.PostServiceApplication - Starting PostServiceApplication using Java 23 with PID 16008 (C:\Users\laura\Documents\PXL\3TIN\Fullstack_Java\PE\project-LauraWillemsPXL\backend-java\post-service\target\classes started by laura in C:\Users\laura\Documents\PXL\3TIN\Fullstack_Java\PE\project-LauraWillemsPXL\backend-java)
2025-01-14T15:00:48.024+0100 DEBUG              [main]                         be.pxl.services.PostServiceApplication - Running with Spring Boot v3.1.4, Spring v6.0.12
2025-01-14T15:00:48.024+0100 INFO               [main]                         be.pxl.services.PostServiceApplication - No active profile set, falling back to 1 default profile: "default"
